<?xml version="1.0" encoding="UTF-8"?>
<!-- Generated by org.testng.reporters.JUnitReportReporter -->
<testsuite hostname="LAPTOP-RTCFK094" name="alertsinselenium.RadioBtninselenium" tests="1" failures="0" timestamp="11 Apr 2022 11:41:04 GMT" time="2.873" errors="0">
  <testcase name="IDDemo" time="2.873" classname="alertsinselenium.RadioBtninselenium"/>
</testsuite> <!-- alertsinselenium.RadioBtninselenium -->
