<?xml version="1.0" encoding="UTF-8"?>
<!-- Generated by org.testng.reporters.JUnitReportReporter -->
<testsuite hostname="LAPTOP-RTCFK094" name="alertsinselenium.Alertsinseleium" tests="1" failures="0" timestamp="11 Apr 2022 11:04:58 GMT" time="17.989" errors="0">
  <testcase name="IDDemo" time="17.989" classname="alertsinselenium.Alertsinseleium"/>
</testsuite> <!-- alertsinselenium.Alertsinseleium -->
